#
# There is insufficient memory for the Java Runtime Environment to continue.
# Native memory allocation (mmap) failed to map 148897792 bytes for committing reserved memory.
# Possible reasons:
#   The system is out of physical RAM or swap space
#   In 32 bit mode, the process size limit was hit
# Possible solutions:
#   Reduce memory load on the system
#   Increase physical memory or swap space
#   Check if swap backing store is full
#   Use 64 bit Java on a 64 bit OS
#   Decrease Java heap size (-Xmx/-Xms)
#   Decrease number of Java threads
#   Decrease Java thread stack sizes (-Xss)
#   Set larger code cache with -XX:ReservedCodeCacheSize=
# This output file may be truncated or incomplete.
#
#  Out of Memory Error (os_linux.cpp:2627), pid=9719, tid=139753248765696
#
# JRE version: Java(TM) SE Runtime Environment (8.0_60-b27) (build 1.8.0_60-b27)
# Java VM: Java HotSpot(TM) 64-Bit Server VM (25.60-b23 mixed mode linux-amd64 compressed oops)
# Failed to write core dump. Core dumps have been disabled. To enable core dumping, try "ulimit -c unlimited" before starting Java again
#

---------------  T H R E A D  ---------------

Current thread (0x00007f1ae8077800):  VMThread [stack: 0x00007f1ad6afb000,0x00007f1ad6bfc000] [id=9761]

Stack: [0x00007f1ad6afb000,0x00007f1ad6bfc000],  sp=0x00007f1ad6bfa160,  free space=1020k
Native frames: (J=compiled Java code, j=interpreted, Vv=VM code, C=native code)
V  [libjvm.so+0xab97ea]  VMError::report_and_die()+0x2ba
V  [libjvm.so+0x4f9dab]  report_vm_out_of_memory(char const*, int, unsigned long, VMErrorType, char const*)+0x8b
V  [libjvm.so+0x91a7c3]  os::Linux::commit_memory_impl(char*, unsigned long, bool)+0x103
V  [libjvm.so+0x91ad19]  os::pd_commit_memory(char*, unsigned long, unsigned long, bool)+0x29
V  [libjvm.so+0x91502a]  os::commit_memory(char*, unsigned long, unsigned long, bool)+0x2a
V  [libjvm.so+0x9886d3]  PSVirtualSpace::expand_by(unsigned long)+0x53
V  [libjvm.so+0x989ad8]  PSYoungGen::resize_generation(unsigned long, unsigned long)+0xf8
V  [libjvm.so+0x988c32]  PSYoungGen::resize(unsigned long, unsigned long)+0x22
V  [libjvm.so+0x985f0b]  PSScavenge::invoke_no_policy()+0xf3b
V  [libjvm.so+0x986691]  PSScavenge::invoke()+0x41
V  [libjvm.so+0x93e430]  ParallelScavengeHeap::failed_mem_allocate(unsigned long)+0x70
V  [libjvm.so+0xabb207]  VM_ParallelGCFailedAllocation::doit()+0x97
V  [libjvm.so+0xac2c35]  VM_Operation::evaluate()+0x55
V  [libjvm.so+0xac100a]  VMThread::evaluate_operation(VM_Operation*)+0xba
V  [libjvm.so+0xac138e]  VMThread::loop()+0x1ce
V  [libjvm.so+0xac1800]  VMThread::run()+0x70
V  [libjvm.so+0x91cb88]  java_start(Thread*)+0x108

VM_Operation (0x00007f1ad52468a0): ParallelGCFailedAllocation, mode: safepoint, requested by thread 0x00007f1ae814a800


---------------  P R O C E S S  ---------------

Java Threads: ( => current thread )
  0x00007f1ae814a800 JavaThread "pool-1-thread-4" [_thread_blocked, id=9813, stack(0x00007f1ad5148000,0x00007f1ad5249000)]
  0x00007f1ae8148800 JavaThread "pool-1-thread-3" [_thread_blocked, id=9811, stack(0x00007f1ad5249000,0x00007f1ad534a000)]
  0x00007f1ae8145800 JavaThread "pool-1-thread-2" [_thread_blocked, id=9810, stack(0x00007f1ad534a000,0x00007f1ad544b000)]
  0x00007f1ae8143800 JavaThread "pool-2-thread-1" [_thread_blocked, id=9807, stack(0x00007f1ad544b000,0x00007f1ad554c000)]
  0x00007f1ae813c000 JavaThread "pool-1-thread-1" [_thread_blocked, id=9805, stack(0x00007f1ad554c000,0x00007f1ad564d000)]
  0x00007f1ae80c3000 JavaThread "Service Thread" daemon [_thread_blocked, id=9794, stack(0x00007f1ad574e000,0x00007f1ad584f000)]
  0x00007f1ae80be000 JavaThread "C1 CompilerThread2" daemon [_thread_blocked, id=9793, stack(0x00007f1ad584f000,0x00007f1ad5950000)]
  0x00007f1ae80bc800 JavaThread "C2 CompilerThread1" daemon [_thread_in_native, id=9792, stack(0x00007f1ad5950000,0x00007f1ad5a51000)]
  0x00007f1ae80b9800 JavaThread "C2 CompilerThread0" daemon [_thread_blocked, id=9791, stack(0x00007f1ad5a51000,0x00007f1ad5b52000)]
  0x00007f1ae80b8000 JavaThread "Signal Dispatcher" daemon [_thread_blocked, id=9782, stack(0x00007f1ad5b52000,0x00007f1ad5c53000)]
  0x00007f1ae807f000 JavaThread "Finalizer" daemon [_thread_blocked, id=9768, stack(0x00007f1ad68f9000,0x00007f1ad69fa000)]
  0x00007f1ae807d000 JavaThread "Reference Handler" daemon [_thread_blocked, id=9765, stack(0x00007f1ad69fa000,0x00007f1ad6afb000)]
  0x00007f1ae800a000 JavaThread "main" [_thread_blocked, id=9727, stack(0x00007f1af1227000,0x00007f1af1328000)]

Other Threads:
=>0x00007f1ae8077800 VMThread [stack: 0x00007f1ad6afb000,0x00007f1ad6bfc000] [id=9761]
  0x00007f1ae80c5800 WatcherThread [stack: 0x00007f1ad564d000,0x00007f1ad574e000] [id=9795]

VM state:at safepoint (normal execution)

VM Mutex/Monitor currently owned by a thread:  ([mutex/lock_event])
[0x00007f1ae8006380] Threads_lock - owner thread: 0x00007f1ae8077800
[0x00007f1ae8006880] Heap_lock - owner thread: 0x00007f1ae814a800

Heap:
 PSYoungGen      total 139264K, used 14318K [0x00000000eab00000, 0x00000000f4300000, 0x0000000100000000)
  eden space 124928K, 0% used [0x00000000eab00000,0x00000000eab00000,0x00000000f2500000)
  from space 14336K, 99% used [0x00000000f2500000,0x00000000f32fb9f0,0x00000000f3300000)
  to   space 12288K, 0% used [0x00000000f3300000,0x00000000f3300000,0x00000000f3f00000)
 ParOldGen       total 42496K, used 41170K [0x00000000c0000000, 0x00000000c2980000, 0x00000000eab00000)
  object space 42496K, 96% used [0x00000000c0000000,0x00000000c28348f8,0x00000000c2980000)
 Metaspace       used 6158K, capacity 7154K, committed 7296K, reserved 1056768K
  class space    used 604K, capacity 618K, committed 640K, reserved 1048576K

Card table byte_map: [0x00007f1aeddec000,0x00007f1aedfed000] byte_map_base: 0x00007f1aed7ec000

Marking Bits: (ParMarkBitMap*) 0x00007f1af06fbde0
 Begin Bits: [0x00007f1ad7000000, 0x00007f1ad8000000)
 End Bits:   [0x00007f1ad8000000, 0x00007f1ad9000000)

Polling page: 0x00007f1af1343000

CodeCache: size=245760Kb used=6729Kb max_used=6729Kb free=239030Kb
 bounds [0x00007f1ad9000000, 0x00007f1ad96a0000, 0x00007f1ae8000000]
 total_blobs=1996 nmethods=1727 adapters=182
 compilation: enabled

Compilation events (10 events):
Event: 9,424 Thread 0x00007f1ae80be000 nmethod 2084 0x00007f1ad9693d90 code [0x00007f1ad9693f40, 0x00007f1ad9694278]
Event: 9,424 Thread 0x00007f1ae80be000 2075       2       com.android.dx.cf.code.Ropper$CatchInfo::getSetup (53 bytes)
Event: 9,425 Thread 0x00007f1ae80be000 nmethod 2075 0x00007f1ad9694550 code [0x00007f1ad96946e0, 0x00007f1ad9694a28]
Event: 9,425 Thread 0x00007f1ae80be000 2077       2       com.android.dx.rop.code.Rops::pickBinaryOp (158 bytes)
Event: 9,426 Thread 0x00007f1ae80be000 nmethod 2077 0x00007f1ad9694c50 code [0x00007f1ad9694e40, 0x00007f1ad9695458]
Event: 9,426 Thread 0x00007f1ae80be000 2081   !   2       com.android.dx.dex.file.AnnotationSetItem::writeSize (20 bytes)
Event: 9,426 Thread 0x00007f1ae80be000 nmethod 2081 0x00007f1ad9695950 code [0x00007f1ad9695ac0, 0x00007f1ad9695cc8]
Event: 9,426 Thread 0x00007f1ae80be000 2082       2       com.android.dx.rop.annotation.Annotations::getAnnotations (11 bytes)
Event: 9,455 Thread 0x00007f1ae80be000 nmethod 2082 0x00007f1ad9695e50 code [0x00007f1ad9695fc0, 0x00007f1ad96962c8]
Event: 9,455 Thread 0x00007f1ae80be000 2071       2       com.android.dx.cf.direct.StdAttributeFactory::constantValue (94 bytes)

GC Heap History (10 events):
Event: 2,468 GC heap after
Heap after GC invocations=2 (full 0):
 PSYoungGen      total 34304K, used 2542K [0x00000000eab00000, 0x00000000ecf00000, 0x0000000100000000)
  eden space 31744K, 0% used [0x00000000eab00000,0x00000000eab00000,0x00000000eca00000)
  from space 2560K, 99% used [0x00000000ecc80000,0x00000000ecefbb48,0x00000000ecf00000)
  to   space 2560K, 0% used [0x00000000eca00000,0x00000000eca00000,0x00000000ecc80000)
 ParOldGen       total 42496K, used 4677K [0x00000000c0000000, 0x00000000c2980000, 0x00000000eab00000)
  object space 42496K, 11% used [0x00000000c0000000,0x00000000c0491408,0x00000000c2980000)
 Metaspace       used 5639K, capacity 6768K, committed 7040K, reserved 1056768K
  class space    used 584K, capacity 616K, committed 640K, reserved 1048576K
}
Event: 3,715 GC heap before
{Heap before GC invocations=3 (full 0):
 PSYoungGen      total 34304K, used 34286K [0x00000000eab00000, 0x00000000ecf00000, 0x0000000100000000)
  eden space 31744K, 100% used [0x00000000eab00000,0x00000000eca00000,0x00000000eca00000)
  from space 2560K, 99% used [0x00000000ecc80000,0x00000000ecefbb48,0x00000000ecf00000)
  to   space 2560K, 0% used [0x00000000eca00000,0x00000000eca00000,0x00000000ecc80000)
 ParOldGen       total 42496K, used 4677K [0x00000000c0000000, 0x00000000c2980000, 0x00000000eab00000)
  object space 42496K, 11% used [0x00000000c0000000,0x00000000c0491408,0x00000000c2980000)
 Metaspace       used 5704K, capacity 6832K, committed 7040K, reserved 1056768K
  class space    used 584K, capacity 616K, committed 640K, reserved 1048576K
Event: 3,849 GC heap after
Heap after GC invocations=3 (full 0):
 PSYoungGen      total 34304K, used 2540K [0x00000000eab00000, 0x00000000eee00000, 0x0000000100000000)
  eden space 31744K, 0% used [0x00000000eab00000,0x00000000eab00000,0x00000000eca00000)
  from space 2560K, 99% used [0x00000000eca00000,0x00000000ecc7b048,0x00000000ecc80000)
  to   space 2560K, 0% used [0x00000000eeb80000,0x00000000eeb80000,0x00000000eee00000)
 ParOldGen       total 42496K, used 10021K [0x00000000c0000000, 0x00000000c2980000, 0x00000000eab00000)
  object space 42496K, 23% used [0x00000000c0000000,0x00000000c09c9650,0x00000000c2980000)
 Metaspace       used 5704K, capacity 6832K, committed 7040K, reserved 1056768K
  class space    used 584K, capacity 616K, committed 640K, reserved 1048576K
}
Event: 4,781 GC heap before
{Heap before GC invocations=4 (full 0):
 PSYoungGen      total 34304K, used 34284K [0x00000000eab00000, 0x00000000eee00000, 0x0000000100000000)
  eden space 31744K, 100% used [0x00000000eab00000,0x00000000eca00000,0x00000000eca00000)
  from space 2560K, 99% used [0x00000000eca00000,0x00000000ecc7b048,0x00000000ecc80000)
  to   space 2560K, 0% used [0x00000000eeb80000,0x00000000eeb80000,0x00000000eee00000)
 ParOldGen       total 42496K, used 10021K [0x00000000c0000000, 0x00000000c2980000, 0x00000000eab00000)
  object space 42496K, 23% used [0x00000000c0000000,0x00000000c09c9650,0x00000000c2980000)
 Metaspace       used 5843K, capacity 6898K, committed 7040K, reserved 1056768K
  class space    used 603K, capacity 618K, committed 640K, reserved 1048576K
Event: 4,889 GC heap after
Heap after GC invocations=4 (full 0):
 PSYoungGen      total 66048K, used 2538K [0x00000000eab00000, 0x00000000eee00000, 0x0000000100000000)
  eden space 63488K, 0% used [0x00000000eab00000,0x00000000eab00000,0x00000000ee900000)
  from space 2560K, 99% used [0x00000000eeb80000,0x00000000eedfab80,0x00000000eee00000)
  to   space 2560K, 0% used [0x00000000ee900000,0x00000000ee900000,0x00000000eeb80000)
 ParOldGen       total 42496K, used 14324K [0x00000000c0000000, 0x00000000c2980000, 0x00000000eab00000)
  object space 42496K, 33% used [0x00000000c0000000,0x00000000c0dfd000,0x00000000c2980000)
 Metaspace       used 5843K, capacity 6898K, committed 7040K, reserved 1056768K
  class space    used 603K, capacity 618K, committed 640K, reserved 1048576K
}
Event: 6,441 GC heap before
{Heap before GC invocations=5 (full 0):
 PSYoungGen      total 66048K, used 66026K [0x00000000eab00000, 0x00000000eee00000, 0x0000000100000000)
  eden space 63488K, 100% used [0x00000000eab00000,0x00000000ee900000,0x00000000ee900000)
  from space 2560K, 99% used [0x00000000eeb80000,0x00000000eedfab80,0x00000000eee00000)
  to   space 2560K, 0% used [0x00000000ee900000,0x00000000ee900000,0x00000000eeb80000)
 ParOldGen       total 42496K, used 14324K [0x00000000c0000000, 0x00000000c2980000, 0x00000000eab00000)
  object space 42496K, 33% used [0x00000000c0000000,0x00000000c0dfd000,0x00000000c2980000)
 Metaspace       used 5940K, capacity 6962K, committed 7040K, reserved 1056768K
  class space    used 604K, capacity 618K, committed 640K, reserved 1048576K
Event: 6,559 GC heap after
Heap after GC invocations=5 (full 0):
 PSYoungGen      total 66048K, used 2533K [0x00000000eab00000, 0x00000000f3f00000, 0x0000000100000000)
  eden space 63488K, 0% used [0x00000000eab00000,0x00000000eab00000,0x00000000ee900000)
  from space 2560K, 98% used [0x00000000ee900000,0x00000000eeb796f8,0x00000000eeb80000)
  to   space 12288K, 0% used [0x00000000f3300000,0x00000000f3300000,0x00000000f3f00000)
 ParOldGen       total 42496K, used 23548K [0x00000000c0000000, 0x00000000c2980000, 0x00000000eab00000)
  object space 42496K, 55% used [0x00000000c0000000,0x00000000c16ff028,0x00000000c2980000)
 Metaspace       used 5940K, capacity 6962K, committed 7040K, reserved 1056768K
  class space    used 604K, capacity 618K, committed 640K, reserved 1048576K
}
Event: 7,572 GC heap before
{Heap before GC invocations=6 (full 0):
 PSYoungGen      total 66048K, used 66021K [0x00000000eab00000, 0x00000000f3f00000, 0x0000000100000000)
  eden space 63488K, 100% used [0x00000000eab00000,0x00000000ee900000,0x00000000ee900000)
  from space 2560K, 98% used [0x00000000ee900000,0x00000000eeb796f8,0x00000000eeb80000)
  to   space 12288K, 0% used [0x00000000f3300000,0x00000000f3300000,0x00000000f3f00000)
 ParOldGen       total 42496K, used 23548K [0x00000000c0000000, 0x00000000c2980000, 0x00000000eab00000)
  object space 42496K, 55% used [0x00000000c0000000,0x00000000c16ff028,0x00000000c2980000)
 Metaspace       used 5993K, capacity 7026K, committed 7296K, reserved 1056768K
  class space    used 604K, capacity 618K, committed 640K, reserved 1048576K
Event: 7,713 GC heap after
Heap after GC invocations=6 (full 0):
 PSYoungGen      total 137216K, used 12260K [0x00000000eab00000, 0x00000000f4300000, 0x0000000100000000)
  eden space 124928K, 0% used [0x00000000eab00000,0x00000000eab00000,0x00000000f2500000)
  from space 12288K, 99% used [0x00000000f3300000,0x00000000f3ef9178,0x00000000f3f00000)
  to   space 14336K, 0% used [0x00000000f2500000,0x00000000f2500000,0x00000000f3300000)
 ParOldGen       total 42496K, used 24028K [0x00000000c0000000, 0x00000000c2980000, 0x00000000eab00000)
  object space 42496K, 56% used [0x00000000c0000000,0x00000000c17772b8,0x00000000c2980000)
 Metaspace       used 5993K, capacity 7026K, committed 7296K, reserved 1056768K
  class space    used 604K, capacity 618K, committed 640K, reserved 1048576K
}
Event: 9,469 GC heap before
{Heap before GC invocations=7 (full 0):
 PSYoungGen      total 137216K, used 137188K [0x00000000eab00000, 0x00000000f4300000, 0x0000000100000000)
  eden space 124928K, 100% used [0x00000000eab00000,0x00000000f2500000,0x00000000f2500000)
  from space 12288K, 99% used [0x00000000f3300000,0x00000000f3ef9178,0x00000000f3f00000)
  to   space 14336K, 0% used [0x00000000f2500000,0x00000000f2500000,0x00000000f3300000)
 ParOldGen       total 42496K, used 24028K [0x00000000c0000000, 0x00000000c2980000, 0x00000000eab00000)
  object space 42496K, 56% used [0x00000000c0000000,0x00000000c17772b8,0x00000000c2980000)
 Metaspace       used 6158K, capacity 7154K, committed 7296K, reserved 1056768K
  class space    used 604K, capacity 618K, committed 640K, reserved 1048576K

Deoptimization events (10 events):
Event: 2,814 Thread 0x00007f1ae8148800 Uncommon trap: reason=unstable_if action=reinterpret pc=0x00007f1ad925ddb0 method=com.android.dx.rop.code.RegisterSpec.equals(ILcom/android/dx/rop/type/TypeBearer;Lcom/android/dx/rop/code/LocalItem;)Z @ 42
Event: 3,866 Thread 0x00007f1ae8145800 Uncommon trap: reason=bimorphic action=maybe_recompile pc=0x00007f1ad91d7648 method=java.util.HashMap.getNode(ILjava/lang/Object;)Ljava/util/HashMap$Node; @ 126
Event: 3,866 Thread 0x00007f1ae8145800 Uncommon trap: reason=bimorphic action=maybe_recompile pc=0x00007f1ad91d7648 method=java.util.HashMap.getNode(ILjava/lang/Object;)Ljava/util/HashMap$Node; @ 126
Event: 3,866 Thread 0x00007f1ae8145800 Uncommon trap: reason=bimorphic action=maybe_recompile pc=0x00007f1ad91d7648 method=java.util.HashMap.getNode(ILjava/lang/Object;)Ljava/util/HashMap$Node; @ 126
Event: 3,866 Thread 0x00007f1ae8145800 Uncommon trap: reason=bimorphic action=maybe_recompile pc=0x00007f1ad91d7648 method=java.util.HashMap.getNode(ILjava/lang/Object;)Ljava/util/HashMap$Node; @ 126
Event: 3,866 Thread 0x00007f1ae8145800 Uncommon trap: reason=bimorphic action=maybe_recompile pc=0x00007f1ad91bc2a4 method=java.util.HashMap.getNode(ILjava/lang/Object;)Ljava/util/HashMap$Node; @ 126
Event: 4,427 Thread 0x00007f1ae800a000 Uncommon trap: reason=unstable_if action=reinterpret pc=0x00007f1ad92c0c1c method=java.util.HashMap.putVal(ILjava/lang/Object;Ljava/lang/Object;ZZ)Ljava/lang/Object; @ 162
Event: 4,456 Thread 0x00007f1ae800a000 Uncommon trap: reason=unstable_if action=reinterpret pc=0x00007f1ad937a8b8 method=java.util.HashMap.getNode(ILjava/lang/Object;)Ljava/util/HashMap$Node; @ 84
Event: 4,943 Thread 0x00007f1ae8148800 Uncommon trap: reason=unstable_if action=reinterpret pc=0x00007f1ad93a4fbc method=com.android.dx.ssa.SsaMethod.updateOneDefinition(Lcom/android/dx/ssa/SsaInsn;Lcom/android/dx/rop/code/RegisterSpec;)V @ 4
Event: 5,842 Thread 0x00007f1ae814a800 Uncommon trap: reason=unstable_if action=reinterpret pc=0x00007f1ad940428c method=java.util.HashMap.putVal(ILjava/lang/Object;Ljava/lang/Object;ZZ)Ljava/lang/Object; @ 109

Internal exceptions (7 events):
Event: 0,142 Thread 0x00007f1ae800a000 Exception <a 'java/lang/NoSuchMethodError': Method sun.misc.Unsafe.defineClass(Ljava/lang/String;[BII)Ljava/lang/Class; name or signature does not match> (0x00000000eab12b98) thrown at [/HUDSON/workspace/8-2-build-linux-amd64/jdk8u60/4407/hotspot/src/shar
Event: 0,142 Thread 0x00007f1ae800a000 Exception <a 'java/lang/NoSuchMethodError': Method sun.misc.Unsafe.prefetchRead(Ljava/lang/Object;J)V name or signature does not match> (0x00000000eab12e80) thrown at [/HUDSON/workspace/8-2-build-linux-amd64/jdk8u60/4407/hotspot/src/share/vm/prims/jni.cpp
Event: 2,166 Thread 0x00007f1ae814a800 Implicit null exception at 0x00007f1ad929afec to 0x00007f1ad929e121
Event: 2,691 Thread 0x00007f1ae8148800 Implicit null exception at 0x00007f1ad925a8e2 to 0x00007f1ad925a9d3
Event: 3,899 Thread 0x00007f1ae8145800 Exception <a 'java/lang/ArrayIndexOutOfBoundsException': 18> (0x00000000eabf2850) thrown at [/HUDSON/workspace/8-2-build-linux-amd64/jdk8u60/4407/hotspot/src/share/vm/interpreter/interpreterRuntime.cpp, line 366]
Event: 4,451 Thread 0x00007f1ae800a000 Exception <a 'java/lang/ArrayIndexOutOfBoundsException': 145> (0x00000000ec18d2f8) thrown at [/HUDSON/workspace/8-2-build-linux-amd64/jdk8u60/4407/hotspot/src/share/vm/interpreter/interpreterRuntime.cpp, line 366]
Event: 4,454 Thread 0x00007f1ae800a000 Exception <a 'java/lang/ArrayIndexOutOfBoundsException': 40> (0x00000000ec18e5e0) thrown at [/HUDSON/workspace/8-2-build-linux-amd64/jdk8u60/4407/hotspot/src/share/vm/interpreter/interpreterRuntime.cpp, line 366]

Events (10 events):
Event: 8,846 Thread 0x00007f1ae813c000 DEOPT UNPACKING pc=0x00007f1ad9047633 sp=0x00007f1ad564ad70 mode 0
Event: 9,014 Thread 0x00007f1ae800a000 DEOPT PACKING pc=0x00007f1ad94d5a4a sp=0x00007f1af1325940
Event: 9,014 Thread 0x00007f1ae800a000 DEOPT UNPACKING pc=0x00007f1ad9047633 sp=0x00007f1af13256f0 mode 0
Event: 9,157 Thread 0x00007f1ae8148800 DEOPT PACKING pc=0x00007f1ad934c4ec sp=0x00007f1ad5347ca0
Event: 9,157 Thread 0x00007f1ae8148800 DEOPT UNPACKING pc=0x00007f1ad9047633 sp=0x00007f1ad53479a0 mode 0
Event: 9,313 Thread 0x00007f1ae813c000 DEOPT PACKING pc=0x00007f1ad91c4839 sp=0x00007f1ad564af40
Event: 9,313 Thread 0x00007f1ae813c000 DEOPT UNPACKING pc=0x00007f1ad9047633 sp=0x00007f1ad564ac90 mode 0
Event: 9,459 Thread 0x00007f1ae814a800 DEOPT PACKING pc=0x00007f1ad934c4ec sp=0x00007f1ad5246e70
Event: 9,459 Thread 0x00007f1ae814a800 DEOPT UNPACKING pc=0x00007f1ad9047633 sp=0x00007f1ad5246b70 mode 0
Event: 9,462 Executing VM operation: ParallelGCFailedAllocation


Dynamic libraries:
00400000-00401000 r-xp 00000000 08:01 6299541                            /lib/jdk/jdk1.8.0_60/bin/java
00600000-00601000 rw-p 00000000 08:01 6299541                            /lib/jdk/jdk1.8.0_60/bin/java
025ee000-0260f000 rw-p 00000000 00:00 0                                  [heap]
c0000000-c2980000 rw-p 00000000 00:00 0 
c2980000-eab00000 ---p 00000000 00:00 0 
eab00000-f4300000 rw-p 00000000 00:00 0 
fd100000-100000000 ---p 00000000 00:00 0 
100000000-1000a0000 rw-p 00000000 00:00 0 
1000a0000-140000000 ---p 00000000 00:00 0 
7f1a88000000-7f1a88021000 rw-p 00000000 00:00 0 
7f1a88021000-7f1a8c000000 ---p 00000000 00:00 0 
7f1a90000000-7f1a90029000 rw-p 00000000 00:00 0 
7f1a90029000-7f1a94000000 ---p 00000000 00:00 0 
7f1a94000000-7f1a94021000 rw-p 00000000 00:00 0 
7f1a94021000-7f1a98000000 ---p 00000000 00:00 0 
7f1a98000000-7f1a98038000 rw-p 00000000 00:00 0 
7f1a98038000-7f1a9c000000 ---p 00000000 00:00 0 
7f1a9c000000-7f1a9c021000 rw-p 00000000 00:00 0 
7f1a9c021000-7f1aa0000000 ---p 00000000 00:00 0 
7f1aa0000000-7f1aa0021000 rw-p 00000000 00:00 0 
7f1aa0021000-7f1aa4000000 ---p 00000000 00:00 0 
7f1aa4000000-7f1aa4021000 rw-p 00000000 00:00 0 
7f1aa4021000-7f1aa8000000 ---p 00000000 00:00 0 
7f1aa8000000-7f1aa8b78000 rw-p 00000000 00:00 0 
7f1aa8b78000-7f1aac000000 ---p 00000000 00:00 0 
7f1aac000000-7f1aacbde000 rw-p 00000000 00:00 0 
7f1aacbde000-7f1ab0000000 ---p 00000000 00:00 0 
7f1ab0000000-7f1ab0021000 rw-p 00000000 00:00 0 
7f1ab0021000-7f1ab4000000 ---p 00000000 00:00 0 
7f1ab4000000-7f1ab4c09000 rw-p 00000000 00:00 0 
7f1ab4c09000-7f1ab8000000 ---p 00000000 00:00 0 
7f1ab8000000-7f1ab8021000 rw-p 00000000 00:00 0 
7f1ab8021000-7f1abc000000 ---p 00000000 00:00 0 
7f1abc000000-7f1abc021000 rw-p 00000000 00:00 0 
7f1abc021000-7f1ac0000000 ---p 00000000 00:00 0 
7f1ac0000000-7f1ac0021000 rw-p 00000000 00:00 0 
7f1ac0021000-7f1ac4000000 ---p 00000000 00:00 0 
7f1ac4000000-7f1ac428b000 rw-p 00000000 00:00 0 
7f1ac428b000-7f1ac8000000 ---p 00000000 00:00 0 
7f1ac8000000-7f1ac8021000 rw-p 00000000 00:00 0 
7f1ac8021000-7f1acc000000 ---p 00000000 00:00 0 
7f1acc000000-7f1acc021000 rw-p 00000000 00:00 0 
7f1acc021000-7f1ad0000000 ---p 00000000 00:00 0 
7f1ad0000000-7f1ad0021000 rw-p 00000000 00:00 0 
7f1ad0021000-7f1ad4000000 ---p 00000000 00:00 0 
7f1ad5148000-7f1ad514b000 ---p 00000000 00:00 0 
7f1ad514b000-7f1ad5249000 rw-p 00000000 00:00 0                          [stack:9813]
7f1ad5249000-7f1ad524c000 ---p 00000000 00:00 0 
7f1ad524c000-7f1ad534a000 rw-p 00000000 00:00 0                          [stack:9811]
7f1ad534a000-7f1ad534d000 ---p 00000000 00:00 0 
7f1ad534d000-7f1ad544b000 rw-p 00000000 00:00 0                          [stack:9810]
7f1ad544b000-7f1ad544e000 ---p 00000000 00:00 0 
7f1ad544e000-7f1ad554c000 rw-p 00000000 00:00 0                          [stack:9807]
7f1ad554c000-7f1ad554f000 ---p 00000000 00:00 0 
7f1ad554f000-7f1ad564d000 rw-p 00000000 00:00 0                          [stack:9805]
7f1ad564d000-7f1ad564e000 ---p 00000000 00:00 0 
7f1ad564e000-7f1ad574e000 rw-p 00000000 00:00 0                          [stack:9795]
7f1ad574e000-7f1ad5751000 ---p 00000000 00:00 0 
7f1ad5751000-7f1ad584f000 rw-p 00000000 00:00 0                          [stack:9794]
7f1ad584f000-7f1ad5852000 ---p 00000000 00:00 0 
7f1ad5852000-7f1ad5950000 rw-p 00000000 00:00 0                          [stack:9793]
7f1ad5950000-7f1ad5953000 ---p 00000000 00:00 0 
7f1ad5953000-7f1ad5a51000 rw-p 00000000 00:00 0                          [stack:9792]
7f1ad5a51000-7f1ad5a54000 ---p 00000000 00:00 0 
7f1ad5a54000-7f1ad5b52000 rw-p 00000000 00:00 0                          [stack:9791]
7f1ad5b52000-7f1ad5b55000 ---p 00000000 00:00 0 
7f1ad5b55000-7f1ad5c53000 rw-p 00000000 00:00 0                          [stack:9782]
7f1ad5c53000-7f1ad68f9000 r--p 00000000 08:01 1184505                    /usr/lib/locale/locale-archive
7f1ad68f9000-7f1ad68fc000 ---p 00000000 00:00 0 
7f1ad68fc000-7f1ad69fa000 rw-p 00000000 00:00 0                          [stack:9768]
7f1ad69fa000-7f1ad69fd000 ---p 00000000 00:00 0 
7f1ad69fd000-7f1ad6afb000 rw-p 00000000 00:00 0                          [stack:9765]
7f1ad6afb000-7f1ad6afc000 ---p 00000000 00:00 0 
7f1ad6afc000-7f1ad9000000 rw-p 00000000 00:00 0                          [stack:9761]
7f1ad9000000-7f1ad96a0000 rwxp 00000000 00:00 0 
7f1ad96a0000-7f1ae8000000 ---p 00000000 00:00 0 
7f1ae8000000-7f1ae839b000 rw-p 00000000 00:00 0 
7f1ae839b000-7f1aec000000 ---p 00000000 00:00 0 
7f1aec063000-7f1aec078000 r--s 000e5000 08:01 4066586                    /home/medhigh/IdeaProjects/TestApplicationConnectToWsdl/app/build/intermediates/exploded-aar/com.android.support/support-v4/23.1.0/jars/classes.jar
7f1aec078000-7f1aec087000 r--s 000df000 08:01 808921                     /lib/android-sdk-linux/build-tools/23.0.1/lib/dx.jar
7f1aec087000-7f1aecc44000 rw-p 00000000 00:00 0 
7f1aecc44000-7f1aece1c000 r--s 03d17000 08:01 6299448                    /lib/jdk/jdk1.8.0_60/jre/lib/rt.jar
7f1aece1c000-7f1aed512000 rw-p 00000000 00:00 0 
7f1aed512000-7f1aed692000 ---p 00000000 00:00 0 
7f1aed692000-7f1aed892000 rw-p 00000000 00:00 0 
7f1aed892000-7f1aed893000 ---p 00000000 00:00 0 
7f1aed893000-7f1aed993000 rw-p 00000000 00:00 0                          [stack:9756]
7f1aed993000-7f1aed994000 ---p 00000000 00:00 0 
7f1aed994000-7f1aeda94000 rw-p 00000000 00:00 0                          [stack:9755]
7f1aeda94000-7f1aeda95000 ---p 00000000 00:00 0 
7f1aeda95000-7f1aedb95000 rw-p 00000000 00:00 0                          [stack:9748]
7f1aedb95000-7f1aedb96000 ---p 00000000 00:00 0 
7f1aedb96000-7f1aedcab000 rw-p 00000000 00:00 0                          [stack:9745]
7f1aedcab000-7f1aeddec000 ---p 00000000 00:00 0 
7f1aeddec000-7f1aede01000 rw-p 00000000 00:00 0 
7f1aede01000-7f1aedf41000 ---p 00000000 00:00 0 
7f1aedf41000-7f1aedf8e000 rw-p 00000000 00:00 0 
7f1aedf8e000-7f1aedfec000 ---p 00000000 00:00 0 
7f1aedfec000-7f1aee008000 rw-p 00000000 00:00 0 
7f1aee008000-7f1aee3ad000 ---p 00000000 00:00 0 
7f1aee3ad000-7f1aee3c7000 r-xp 00000000 08:01 6299398                    /lib/jdk/jdk1.8.0_60/jre/lib/amd64/libzip.so
7f1aee3c7000-7f1aee5c7000 ---p 0001a000 08:01 6299398                    /lib/jdk/jdk1.8.0_60/jre/lib/amd64/libzip.so
7f1aee5c7000-7f1aee5c8000 rw-p 0001a000 08:01 6299398                    /lib/jdk/jdk1.8.0_60/jre/lib/amd64/libzip.so
7f1aee5c8000-7f1aee5d3000 r-xp 00000000 08:01 6295773                    /lib/x86_64-linux-gnu/libnss_files-2.19.so
7f1aee5d3000-7f1aee7d2000 ---p 0000b000 08:01 6295773                    /lib/x86_64-linux-gnu/libnss_files-2.19.so
7f1aee7d2000-7f1aee7d3000 r--p 0000a000 08:01 6295773                    /lib/x86_64-linux-gnu/libnss_files-2.19.so
7f1aee7d3000-7f1aee7d4000 rw-p 0000b000 08:01 6295773                    /lib/x86_64-linux-gnu/libnss_files-2.19.so
7f1aee7d4000-7f1aee7df000 r-xp 00000000 08:01 6295783                    /lib/x86_64-linux-gnu/libnss_nis-2.19.so
7f1aee7df000-7f1aee9de000 ---p 0000b000 08:01 6295783                    /lib/x86_64-linux-gnu/libnss_nis-2.19.so
7f1aee9de000-7f1aee9df000 r--p 0000a000 08:01 6295783                    /lib/x86_64-linux-gnu/libnss_nis-2.19.so
7f1aee9df000-7f1aee9e0000 rw-p 0000b000 08:01 6295783                    /lib/x86_64-linux-gnu/libnss_nis-2.19.so
7f1aee9e0000-7f1aee9f7000 r-xp 00000000 08:01 6295767                    /lib/x86_64-linux-gnu/libnsl-2.19.so
7f1aee9f7000-7f1aeebf6000 ---p 00017000 08:01 6295767                    /lib/x86_64-linux-gnu/libnsl-2.19.so
7f1aeebf6000-7f1aeebf7000 r--p 00016000 08:01 6295767                    /lib/x86_64-linux-gnu/libnsl-2.19.so
7f1aeebf7000-7f1aeebf8000 rw-p 00017000 08:01 6295767                    /lib/x86_64-linux-gnu/libnsl-2.19.so
7f1aeebf8000-7f1aeebfa000 rw-p 00000000 00:00 0 
7f1aeebfa000-7f1aeec03000 r-xp 00000000 08:01 6295769                    /lib/x86_64-linux-gnu/libnss_compat-2.19.so
7f1aeec03000-7f1aeee02000 ---p 00009000 08:01 6295769                    /lib/x86_64-linux-gnu/libnss_compat-2.19.so
7f1aeee02000-7f1aeee03000 r--p 00008000 08:01 6295769                    /lib/x86_64-linux-gnu/libnss_compat-2.19.so
7f1aeee03000-7f1aeee04000 rw-p 00009000 08:01 6295769                    /lib/x86_64-linux-gnu/libnss_compat-2.19.so
7f1aeee04000-7f1aeee2e000 r-xp 00000000 08:01 6299376                    /lib/jdk/jdk1.8.0_60/jre/lib/amd64/libjava.so
7f1aeee2e000-7f1aef02e000 ---p 0002a000 08:01 6299376                    /lib/jdk/jdk1.8.0_60/jre/lib/amd64/libjava.so
7f1aef02e000-7f1aef030000 rw-p 0002a000 08:01 6299376                    /lib/jdk/jdk1.8.0_60/jre/lib/amd64/libjava.so
7f1aef030000-7f1aef03d000 r-xp 00000000 08:01 6299392                    /lib/jdk/jdk1.8.0_60/jre/lib/amd64/libverify.so
7f1aef03d000-7f1aef23d000 ---p 0000d000 08:01 6299392                    /lib/jdk/jdk1.8.0_60/jre/lib/amd64/libverify.so
7f1aef23d000-7f1aef23f000 rw-p 0000d000 08:01 6299392                    /lib/jdk/jdk1.8.0_60/jre/lib/amd64/libverify.so
7f1aef23f000-7f1aef246000 r-xp 00000000 08:01 6295826                    /lib/x86_64-linux-gnu/librt-2.19.so
7f1aef246000-7f1aef445000 ---p 00007000 08:01 6295826                    /lib/x86_64-linux-gnu/librt-2.19.so
7f1aef445000-7f1aef446000 r--p 00006000 08:01 6295826                    /lib/x86_64-linux-gnu/librt-2.19.so
7f1aef446000-7f1aef447000 rw-p 00007000 08:01 6295826                    /lib/x86_64-linux-gnu/librt-2.19.so
7f1aef447000-7f1aef54c000 r-xp 00000000 08:01 6295748                    /lib/x86_64-linux-gnu/libm-2.19.so
7f1aef54c000-7f1aef74b000 ---p 00105000 08:01 6295748                    /lib/x86_64-linux-gnu/libm-2.19.so
7f1aef74b000-7f1aef74c000 r--p 00104000 08:01 6295748                    /lib/x86_64-linux-gnu/libm-2.19.so
7f1aef74c000-7f1aef74d000 rw-p 00105000 08:01 6295748                    /lib/x86_64-linux-gnu/libm-2.19.so
7f1aef74d000-7f1af040b000 r-xp 00000000 08:01 6299414                    /lib/jdk/jdk1.8.0_60/jre/lib/amd64/server/libjvm.so
7f1af040b000-7f1af060a000 ---p 00cbe000 08:01 6299414                    /lib/jdk/jdk1.8.0_60/jre/lib/amd64/server/libjvm.so
7f1af060a000-7f1af06e2000 rw-p 00cbd000 08:01 6299414                    /lib/jdk/jdk1.8.0_60/jre/lib/amd64/server/libjvm.so
7f1af06e2000-7f1af0727000 rw-p 00000000 00:00 0 
7f1af0727000-7f1af08e2000 r-xp 00000000 08:01 6295698                    /lib/x86_64-linux-gnu/libc-2.19.so
7f1af08e2000-7f1af0ae1000 ---p 001bb000 08:01 6295698                    /lib/x86_64-linux-gnu/libc-2.19.so
7f1af0ae1000-7f1af0ae5000 r--p 001ba000 08:01 6295698                    /lib/x86_64-linux-gnu/libc-2.19.so
7f1af0ae5000-7f1af0ae7000 rw-p 001be000 08:01 6295698                    /lib/x86_64-linux-gnu/libc-2.19.so
7f1af0ae7000-7f1af0aec000 rw-p 00000000 00:00 0 
7f1af0aec000-7f1af0aef000 r-xp 00000000 08:01 6295715                    /lib/x86_64-linux-gnu/libdl-2.19.so
7f1af0aef000-7f1af0cee000 ---p 00003000 08:01 6295715                    /lib/x86_64-linux-gnu/libdl-2.19.so
7f1af0cee000-7f1af0cef000 r--p 00002000 08:01 6295715                    /lib/x86_64-linux-gnu/libdl-2.19.so
7f1af0cef000-7f1af0cf0000 rw-p 00003000 08:01 6295715                    /lib/x86_64-linux-gnu/libdl-2.19.so
7f1af0cf0000-7f1af0d05000 r-xp 00000000 08:01 6292396                    /lib/jdk/jdk1.8.0_60/lib/amd64/jli/libjli.so
7f1af0d05000-7f1af0f05000 ---p 00015000 08:01 6292396                    /lib/jdk/jdk1.8.0_60/lib/amd64/jli/libjli.so
7f1af0f05000-7f1af0f06000 rw-p 00015000 08:01 6292396                    /lib/jdk/jdk1.8.0_60/lib/amd64/jli/libjli.so
7f1af0f06000-7f1af0f1f000 r-xp 00000000 08:01 6295818                    /lib/x86_64-linux-gnu/libpthread-2.19.so
7f1af0f1f000-7f1af111e000 ---p 00019000 08:01 6295818                    /lib/x86_64-linux-gnu/libpthread-2.19.so
7f1af111e000-7f1af111f000 r--p 00018000 08:01 6295818                    /lib/x86_64-linux-gnu/libpthread-2.19.so
7f1af111f000-7f1af1120000 rw-p 00019000 08:01 6295818                    /lib/x86_64-linux-gnu/libpthread-2.19.so
7f1af1120000-7f1af1124000 rw-p 00000000 00:00 0 
7f1af1124000-7f1af1147000 r-xp 00000000 08:01 6295674                    /lib/x86_64-linux-gnu/ld-2.19.so
7f1af114e000-7f1af1227000 rw-p 00000000 00:00 0 
7f1af1227000-7f1af122a000 ---p 00000000 00:00 0 
7f1af122a000-7f1af132c000 rw-p 00000000 00:00 0                          [stack:9727]
7f1af1339000-7f1af133a000 rw-p 00000000 00:00 0 
7f1af133a000-7f1af1342000 rw-s 00000000 08:01 4326612                    /tmp/hsperfdata_medhigh/9719
7f1af1342000-7f1af1343000 rw-p 00000000 00:00 0 
7f1af1343000-7f1af1344000 ---p 00000000 00:00 0 
7f1af1344000-7f1af1346000 rw-p 00000000 00:00 0 
7f1af1346000-7f1af1347000 r--p 00022000 08:01 6295674                    /lib/x86_64-linux-gnu/ld-2.19.so
7f1af1347000-7f1af1348000 rw-p 00023000 08:01 6295674                    /lib/x86_64-linux-gnu/ld-2.19.so
7f1af1348000-7f1af1349000 rw-p 00000000 00:00 0 
7ffe2b29d000-7ffe2b2be000 rw-p 00000000 00:00 0                          [stack]
7ffe2b38b000-7ffe2b38d000 r--p 00000000 00:00 0                          [vvar]
7ffe2b38d000-7ffe2b38f000 r-xp 00000000 00:00 0                          [vdso]
ffffffffff600000-ffffffffff601000 r-xp 00000000 00:00 0                  [vsyscall]

VM Arguments:
jvm_args: -Xmx1024M -Dfile.encoding=UTF-8 -Duser.country=US -Duser.language=en -Duser.variant 
java_command: com.android.dx.command.Main --dex --num-threads=4 --output /home/medhigh/IdeaProjects/TestApplicationConnectToWsdl/app/build/intermediates/pre-dexed/debug/classes-585734037d0858ec6edabfece264cbab7eb2b655.jar /home/medhigh/IdeaProjects/TestApplicationConnectToWsdl/app/build/intermediates/exploded-aar/com.android.support/support-v4/23.1.0/jars/classes.jar
java_class_path (initial): /lib/android-sdk-linux/build-tools/23.0.1/lib/dx.jar
Launcher Type: SUN_STANDARD

Environment Variables:
JAVA_HOME=/lib/jdk/jdk1.8.0_60
PATH=/usr/local/sbin:/usr/local/bin:/usr/sbin:/usr/bin:/sbin:/bin:/usr/games:/usr/local/games:/lib/jdk/jdk1.8.0_60/bin
LD_LIBRARY_PATH=/home/medhigh/Documents/android-studio/bin:
SHELL=/bin/bash
DISPLAY=:0

Signal Handlers:
SIGSEGV: [libjvm.so+0xaba070], sa_mask[0]=11111111011111111101111111111110, sa_flags=SA_RESTART|SA_SIGINFO
SIGBUS: [libjvm.so+0xaba070], sa_mask[0]=11111111011111111101111111111110, sa_flags=SA_RESTART|SA_SIGINFO
SIGFPE: [libjvm.so+0x917630], sa_mask[0]=11111111011111111101111111111110, sa_flags=SA_RESTART|SA_SIGINFO
SIGPIPE: [libjvm.so+0x917630], sa_mask[0]=11111111011111111101111111111110, sa_flags=SA_RESTART|SA_SIGINFO
SIGXFSZ: [libjvm.so+0x917630], sa_mask[0]=11111111011111111101111111111110, sa_flags=SA_RESTART|SA_SIGINFO
SIGILL: [libjvm.so+0x917630], sa_mask[0]=11111111011111111101111111111110, sa_flags=SA_RESTART|SA_SIGINFO
SIGUSR1: SIG_DFL, sa_mask[0]=00000000000000000000000000000000, sa_flags=none
SIGUSR2: [libjvm.so+0x918c60], sa_mask[0]=00100000000000000000000000000000, sa_flags=SA_RESTART|SA_SIGINFO
SIGHUP: [libjvm.so+0x91a060], sa_mask[0]=11111111011111111101111111111110, sa_flags=SA_RESTART|SA_SIGINFO
SIGINT: SIG_IGN, sa_mask[0]=00000000000000000000000000000000, sa_flags=none
SIGTERM: [libjvm.so+0x91a060], sa_mask[0]=11111111011111111101111111111110, sa_flags=SA_RESTART|SA_SIGINFO
SIGQUIT: [libjvm.so+0x91a060], sa_mask[0]=11111111011111111101111111111110, sa_flags=SA_RESTART|SA_SIGINFO


---------------  S Y S T E M  ---------------

OS:DISTRIB_ID=Ubuntu
DISTRIB_RELEASE=14.04
DISTRIB_CODENAME=trusty
DISTRIB_DESCRIPTION="Ubuntu 14.04.3 LTS"

uname:Linux 3.19.0-28-generic #30~14.04.1-Ubuntu SMP Tue Sep 1 09:32:55 UTC 2015 x86_64
libc:glibc 2.19 NPTL 2.19 
rlimit: STACK 8192k, CORE 0k, NPROC 15626, NOFILE 4096, AS infinity
load average:4,79 1,73 1,30

/proc/meminfo:
MemTotal:        4021720 kB
MemFree:          117864 kB
MemAvailable:      56084 kB
Buffers:             368 kB
Cached:           105516 kB
SwapCached:            0 kB
Active:          3652832 kB
Inactive:          96716 kB
Active(anon):    3646004 kB
Inactive(anon):    91012 kB
Active(file):       6828 kB
Inactive(file):     5704 kB
Unevictable:          32 kB
Mlocked:              32 kB
SwapTotal:             0 kB
SwapFree:              0 kB
Dirty:               268 kB
Writeback:             0 kB
AnonPages:       3644716 kB
Mapped:           101712 kB
Shmem:             92284 kB
Slab:              62944 kB
SReclaimable:      32828 kB
SUnreclaim:        30116 kB
KernelStack:        9664 kB
PageTables:        33668 kB
NFS_Unstable:          0 kB
Bounce:                0 kB
WritebackTmp:          0 kB
CommitLimit:     2010860 kB
Committed_AS:    6698012 kB
VmallocTotal:   34359738367 kB
VmallocUsed:       92396 kB
VmallocChunk:   34359640956 kB
HardwareCorrupted:     0 kB
AnonHugePages:   1759232 kB
CmaTotal:              0 kB
CmaFree:               0 kB
HugePages_Total:       0
HugePages_Free:        0
HugePages_Rsvd:        0
HugePages_Surp:        0
Hugepagesize:       2048 kB
DirectMap4k:      154128 kB
DirectMap2M:     4016128 kB


CPU:total 4 (2 cores per cpu, 2 threads per core) family 6 model 42 stepping 7, cmov, cx8, fxsr, mmx, sse, sse2, sse3, ssse3, sse4.1, sse4.2, popcnt, avx, clmul, ht, tsc, tscinvbit

/proc/cpuinfo:
processor	: 0
vendor_id	: GenuineIntel
cpu family	: 6
model		: 42
model name	: Intel(R) Core(TM) i5-2540M CPU @ 2.60GHz
stepping	: 7
microcode	: 0x18
cpu MHz		: 2499.960
cache size	: 3072 KB
physical id	: 0
siblings	: 4
core id		: 0
cpu cores	: 2
apicid		: 0
initial apicid	: 0
fpu		: yes
fpu_exception	: yes
cpuid level	: 13
wp		: yes
flags		: fpu vme de pse tsc msr pae mce cx8 apic sep mtrr pge mca cmov pat pse36 clflush dts acpi mmx fxsr sse sse2 ss ht tm pbe syscall nx rdtscp lm constant_tsc arch_perfmon pebs bts rep_good nopl xtopology nonstop_tsc aperfmperf eagerfpu pni pclmulqdq dtes64 monitor ds_cpl vmx smx est tm2 ssse3 cx16 xtpr pdcm pcid sse4_1 sse4_2 x2apic popcnt tsc_deadline_timer xsave avx lahf_lm ida arat epb pln pts dtherm tpr_shadow vnmi flexpriority ept vpid xsaveopt
bugs		:
bogomips	: 5188.35
clflush size	: 64
cache_alignment	: 64
address sizes	: 36 bits physical, 48 bits virtual
power management:

processor	: 1
vendor_id	: GenuineIntel
cpu family	: 6
model		: 42
model name	: Intel(R) Core(TM) i5-2540M CPU @ 2.60GHz
stepping	: 7
microcode	: 0x18
cpu MHz		: 2499.960
cache size	: 3072 KB
physical id	: 0
siblings	: 4
core id		: 1
cpu cores	: 2
apicid		: 2
initial apicid	: 2
fpu		: yes
fpu_exception	: yes
cpuid level	: 13
wp		: yes
flags		: fpu vme de pse tsc msr pae mce cx8 apic sep mtrr pge mca cmov pat pse36 clflush dts acpi mmx fxsr sse sse2 ss ht tm pbe syscall nx rdtscp lm constant_tsc arch_perfmon pebs bts rep_good nopl xtopology nonstop_tsc aperfmperf eagerfpu pni pclmulqdq dtes64 monitor ds_cpl vmx smx est tm2 ssse3 cx16 xtpr pdcm pcid sse4_1 sse4_2 x2apic popcnt tsc_deadline_timer xsave avx lahf_lm ida arat epb pln pts dtherm tpr_shadow vnmi flexpriority ept vpid xsaveopt
bugs		:
bogomips	: 5188.35
clflush size	: 64
cache_alignment	: 64
address sizes	: 36 bits physical, 48 bits virtual
power management:

processor	: 2
vendor_id	: GenuineIntel
cpu family	: 6
model		: 42
model name	: Intel(R) Core(TM) i5-2540M CPU @ 2.60GHz
stepping	: 7
microcode	: 0x18
cpu MHz		: 2499.960
cache size	: 3072 KB
physical id	: 0
siblings	: 4
core id		: 0
cpu cores	: 2
apicid		: 1
initial apicid	: 1
fpu		: yes
fpu_exception	: yes
cpuid level	: 13
wp		: yes
flags		: fpu vme de pse tsc msr pae mce cx8 apic sep mtrr pge mca cmov pat pse36 clflush dts acpi mmx fxsr sse sse2 ss ht tm pbe syscall nx rdtscp lm constant_tsc arch_perfmon pebs bts rep_good nopl xtopology nonstop_tsc aperfmperf eagerfpu pni pclmulqdq dtes64 monitor ds_cpl vmx smx est tm2 ssse3 cx16 xtpr pdcm pcid sse4_1 sse4_2 x2apic popcnt tsc_deadline_timer xsave avx lahf_lm ida arat epb pln pts dtherm tpr_shadow vnmi flexpriority ept vpid xsaveopt
bugs		:
bogomips	: 5188.35
clflush size	: 64
cache_alignment	: 64
address sizes	: 36 bits physical, 48 bits virtual
power management:

processor	: 3
vendor_id	: GenuineIntel
cpu family	: 6
model		: 42
model name	: Intel(R) Core(TM) i5-2540M CPU @ 2.60GHz
stepping	: 7
microcode	: 0x18
cpu MHz		: 2499.960
cache size	: 3072 KB
physical id	: 0
siblings	: 4
core id		: 1
cpu cores	: 2
apicid		: 3
initial apicid	: 3
fpu		: yes
fpu_exception	: yes
cpuid level	: 13
wp		: yes
flags		: fpu vme de pse tsc msr pae mce cx8 apic sep mtrr pge mca cmov pat pse36 clflush dts acpi mmx fxsr sse sse2 ss ht tm pbe syscall nx rdtscp lm constant_tsc arch_perfmon pebs bts rep_good nopl xtopology nonstop_tsc aperfmperf eagerfpu pni pclmulqdq dtes64 monitor ds_cpl vmx smx est tm2 ssse3 cx16 xtpr pdcm pcid sse4_1 sse4_2 x2apic popcnt tsc_deadline_timer xsave avx lahf_lm ida arat epb pln pts dtherm tpr_shadow vnmi flexpriority ept vpid xsaveopt
bugs		:
bogomips	: 5188.35
clflush size	: 64
cache_alignment	: 64
address sizes	: 36 bits physical, 48 bits virtual
power management:



Memory: 4k page, physical 4021720k(117664k free), swap 0k(0k free)

vm_info: Java HotSpot(TM) 64-Bit Server VM (25.60-b23) for linux-amd64 JRE (1.8.0_60-b27), built on Aug  4 2015 12:19:40 by "java_re" with gcc 4.3.0 20080428 (Red Hat 4.3.0-8)

time: Thu Oct 22 22:59:48 2015
elapsed time: 10 seconds (0d 0h 0m 10s)

